<?xml version="1.0" encoding="UTF-8"?>
<!-- Generated by org.testng.reporters.JUnitReportReporter -->
<testsuite hostname="ITEM-AX31022" name="com.dice.LoginTest" tests="1" failures="0" timestamp="3 Jul 2017 14:40:25 GMT" time="16.408" errors="0">
  <testcase name="positiveLoginTest" time="16.408" classname="com.dice.LoginTest"/>
</testsuite> <!-- com.dice.LoginTest -->
