<?xml version="1.0" encoding="UTF-8"?>
<!-- Generated by org.testng.reporters.JUnitReportReporter -->
<testsuite hostname="ITEM-AX31022" name="com.dice.FirstTest" tests="1" failures="0" timestamp="3 Jul 2017 14:40:25 GMT" time="13.757" errors="0">
  <testcase name="firstTestMethod" time="13.757" classname="com.dice.FirstTest"/>
</testsuite> <!-- com.dice.FirstTest -->
