<?xml version="1.0" encoding="UTF-8"?>
<!-- Generated by org.testng.reporters.JUnitReportReporter -->
<testsuite hostname="ITEM-AX31022" name="com.dice.SecondTest" tests="1" failures="0" timestamp="3 Jul 2017 14:40:25 GMT" time="7.236" errors="0">
  <testcase name="secondTestMethod" time="7.236" classname="com.dice.SecondTest"/>
</testsuite> <!-- com.dice.SecondTest -->
